# JRE version: OpenJDK Runtime Environment (8.0_242-b01) (build 1.8.0_242-release-1644-b01)
# Java VM: OpenJDK 64-Bit Server VM (25.242-b01 mixed mode windows-amd64 compressed oops)
Heap:
 PSYoungGen      total 379904K, used 161356K [0x00000000d5580000, 0x00000000ee780000, 0x0000000100000000)
  eden space 350720K, 38% used [0x00000000d5580000,0x00000000dda0f460,0x00000000eac00000)
  from space 29184K, 87% used [0x00000000eae80000,0x00000000ec783ec0,0x00000000ecb00000)
  to   space 25088K, 45% used [0x00000000ecf00000,0x00000000eda36c68,0x00000000ee780000)
 ParOldGen       total 91648K, used 72760K [0x0000000080000000, 0x0000000085980000, 0x00000000d5580000)
  object space 91648K, 79% used [0x0000000080000000,0x000000008470e118,0x0000000085980000)
 Metaspace       used 93122K, capacity 98294K, committed 98380K, reserved 1134592K
  class space    used 12586K, capacity 13608K, committed 13684K, reserved 1048576K
GC Heap History (10 events):
Event: 9.721 GC heap before
{Heap before GC invocations=14 (full 2):
 PSYoungGen      total 203776K, used 23393K [0x00000000d5580000, 0x00000000e7f00000, 0x0000000100000000)
  eden space 190976K, 5% used [0x00000000d5580000,0x00000000d5fd9de8,0x00000000e1000000)
  from space 12800K, 99% used [0x00000000e1000000,0x00000000e1c7e738,0x00000000e1c80000)
  to   space 20480K, 0% used [0x00000000e6b00000,0x00000000e6b00000,0x00000000e7f00000)
 ParOldGen       total 63488K, used 33751K [0x0000000080000000, 0x0000000083e00000, 0x00000000d5580000)
  object space 63488K, 53% used [0x0000000080000000,0x00000000820f5da0,0x0000000083e00000)
 Metaspace       used 56407K, capacity 58970K, committed 59028K, reserved 1099776K
  class space    used 7688K, capacity 8188K, committed 8192K, reserved 1048576K
Event: 9.732 GC heap after
Heap after GC invocations=14 (full 2):
 PSYoungGen      total 284160K, used 1150K [0x00000000d5580000, 0x00000000e8800000, 0x0000000100000000)
  eden space 263680K, 0% used [0x00000000d5580000,0x00000000d5580000,0x00000000e5700000)
  from space 20480K, 5% used [0x00000000e6b00000,0x00000000e6c1fb50,0x00000000e7f00000)
  to   space 20480K, 0% used [0x00000000e5700000,0x00000000e5700000,0x00000000e6b00000)
 ParOldGen       total 63488K, used 44663K [0x0000000080000000, 0x0000000083e00000, 0x00000000d5580000)
  object space 63488K, 70% used [0x0000000080000000,0x0000000082b9dc08,0x0000000083e00000)
 Metaspace       used 56407K, capacity 58970K, committed 59028K, reserved 1099776K
  class space    used 7688K, capacity 8188K, committed 8192K, reserved 1048576K
}
Event: 9.732 GC heap before
{Heap before GC invocations=15 (full 3):
 PSYoungGen      total 284160K, used 1150K [0x00000000d5580000, 0x00000000e8800000, 0x0000000100000000)
  eden space 263680K, 0% used [0x00000000d5580000,0x00000000d5580000,0x00000000e5700000)
  from space 20480K, 5% used [0x00000000e6b00000,0x00000000e6c1fb50,0x00000000e7f00000)
  to   space 20480K, 0% used [0x00000000e5700000,0x00000000e5700000,0x00000000e6b00000)
 ParOldGen       total 63488K, used 44663K [0x0000000080000000, 0x0000000083e00000, 0x00000000d5580000)
  object space 63488K, 70% used [0x0000000080000000,0x0000000082b9dc08,0x0000000083e00000)
 Metaspace       used 56407K, capacity 58970K, committed 59028K, reserved 1099776K
  class space    used 7688K, capacity 8188K, committed 8192K, reserved 1048576K
Event: 9.924 GC heap after
Heap after GC invocations=15 (full 3):
 PSYoungGen      total 284160K, used 0K [0x00000000d5580000, 0x00000000e8800000, 0x0000000100000000)
  eden space 263680K, 0% used [0x00000000d5580000,0x00000000d5580000,0x00000000e5700000)
  from space 20480K, 0% used [0x00000000e6b00000,0x00000000e6b00000,0x00000000e7f00000)
  to   space 20480K, 0% used [0x00000000e5700000,0x00000000e5700000,0x00000000e6b00000)
 ParOldGen       total 91648K, used 30807K [0x0000000080000000, 0x0000000085980000, 0x00000000d5580000)
  object space 91648K, 33% used [0x0000000080000000,0x0000000081e15e08,0x0000000085980000)
 Metaspace       used 56358K, capacity 58802K, committed 59028K, reserved 1099776K
  class space    used 7673K, capacity 8160K, committed 8192K, reserved 1048576K
}
Event: 13.208 GC heap before
{Heap before GC invocations=16 (full 3):
 PSYoungGen      total 284160K, used 263680K [0x00000000d5580000, 0x00000000e8800000, 0x0000000100000000)
  eden space 263680K, 100% used [0x00000000d5580000,0x00000000e5700000,0x00000000e5700000)
  from space 20480K, 0% used [0x00000000e6b00000,0x00000000e6b00000,0x00000000e7f00000)
  to   space 20480K, 0% used [0x00000000e5700000,0x00000000e5700000,0x00000000e6b00000)
 ParOldGen       total 91648K, used 30807K [0x0000000080000000, 0x0000000085980000, 0x00000000d5580000)
  object space 91648K, 33% used [0x0000000080000000,0x0000000081e15e08,0x0000000085980000)
 Metaspace       used 71648K, capacity 75476K, committed 75736K, reserved 1114112K
  class space    used 9987K, capacity 10735K, committed 10752K, reserved 1048576K
Event: 13.238 GC heap after
Heap after GC invocations=16 (full 3):
 PSYoungGen      total 284160K, used 20448K [0x00000000d5580000, 0x00000000ee780000, 0x0000000100000000)
  eden space 263680K, 0% used [0x00000000d5580000,0x00000000d5580000,0x00000000e5700000)
  from space 20480K, 99% used [0x00000000e5700000,0x00000000e6af80d8,0x00000000e6b00000)
  to   space 25088K, 0% used [0x00000000ecf00000,0x00000000ecf00000,0x00000000ee780000)
 ParOldGen       total 91648K, used 33816K [0x0000000080000000, 0x0000000085980000, 0x00000000d5580000)
  object space 91648K, 36% used [0x0000000080000000,0x0000000082106008,0x0000000085980000)
 Metaspace       used 71648K, capacity 75476K, committed 75736K, reserved 1114112K
  class space    used 9987K, capacity 10735K, committed 10752K, reserved 1048576K
}
Event: 34.913 GC heap before
{Heap before GC invocations=17 (full 3):
 PSYoungGen      total 284160K, used 284128K [0x00000000d5580000, 0x00000000ee780000, 0x0000000100000000)
  eden space 263680K, 100% used [0x00000000d5580000,0x00000000e5700000,0x00000000e5700000)
  from space 20480K, 99% used [0x00000000e5700000,0x00000000e6af80d8,0x00000000e6b00000)
  to   space 25088K, 0% used [0x00000000ecf00000,0x00000000ecf00000,0x00000000ee780000)
 ParOldGen       total 91648K, used 33816K [0x0000000080000000, 0x0000000085980000, 0x00000000d5580000)
  object space 91648K, 36% used [0x0000000080000000,0x0000000082106008,0x0000000085980000)
 Metaspace       used 81924K, capacity 86440K, committed 86616K, reserved 1124352K
  class space    used 11107K, capacity 12039K, committed 12160K, reserved 1048576K
Event: 34.946 GC heap after
Heap after GC invocations=17 (full 3):
 PSYoungGen      total 375808K, used 24994K [0x00000000d5580000, 0x00000000ee780000, 0x0000000100000000)
  eden space 350720K, 0% used [0x00000000d5580000,0x00000000d5580000,0x00000000eac00000)
  from space 25088K, 99% used [0x00000000ecf00000,0x00000000ee7689f8,0x00000000ee780000)
  to   space 29184K, 0% used [0x00000000eae80000,0x00000000eae80000,0x00000000ecb00000)
 ParOldGen       total 91648K, used 47200K [0x0000000080000000, 0x0000000085980000, 0x00000000d5580000)
  object space 91648K, 51% used [0x0000000080000000,0x0000000082e183e0,0x0000000085980000)
 Metaspace       used 81924K, capacity 86440K, committed 86616K, reserved 1124352K
  class space    used 11107K, capacity 12039K, committed 12160K, reserved 1048576K
}
Event: 37.992 GC heap before
{Heap before GC invocations=18 (full 3):
 PSYoungGen      total 375808K, used 375379K [0x00000000d5580000, 0x00000000ee780000, 0x0000000100000000)
  eden space 350720K, 99% used [0x00000000d5580000,0x00000000eabac370,0x00000000eac00000)
  from space 25088K, 99% used [0x00000000ecf00000,0x00000000ee7689f8,0x00000000ee780000)
  to   space 29184K, 0% used [0x00000000eae80000,0x00000000eae80000,0x00000000ecb00000)
 ParOldGen       total 91648K, used 47200K [0x0000000080000000, 0x0000000085980000, 0x00000000d5580000)
  object space 91648K, 51% used [0x0000000080000000,0x0000000082e183e0,0x0000000085980000)
 Metaspace       used 90278K, capacity 95144K, committed 95320K, reserved 1132544K
  class space    used 12089K, capacity 13077K, committed 13184K, reserved 1048576K
Event: 38.019 GC heap after
Heap after GC invocations=18 (full 3):
 PSYoungGen      total 379904K, used 25615K [0x00000000d5580000, 0x00000000ee780000, 0x0000000100000000)
  eden space 350720K, 0% used [0x00000000d5580000,0x00000000d5580000,0x00000000eac00000)
  from space 29184K, 87% used [0x00000000eae80000,0x00000000ec783ec0,0x00000000ecb00000)
  to   space 25088K, 0% used [0x00000000ecf00000,0x00000000ecf00000,0x00000000ee780000)
 ParOldGen       total 91648K, used 58866K [0x0000000080000000, 0x0000000085980000, 0x00000000d5580000)
  object space 91648K, 64% used [0x0000000080000000,0x000000008397c810,0x0000000085980000)
 Metaspace       used 90278K, capacity 95144K, committed 95320K, reserved 1132544K
  class space    used 12089K, capacity 13077K, committed 13184K, reserved 1048576K
}

